<!DOCTYPE html PUBLIC "-//W3C//DTD XHTML 1.1//EN" "http://www.w3.org/TR/xhtml11/DTD/xhtml11.dtd">
<html xmlns="http://www.w3.org/1999/xhtml"><head><title>TestNG Report</title><style type="text/css">table {margin-bottom:10px;border-collapse:collapse;empty-cells:show}th,td {border:1px solid #009;padding:.25em .5em}th {vertical-align:bottom}td {vertical-align:top}table a {font-weight:bold}.stripe td {background-color: #E6EBF9}.num {text-align:right}.passedodd td {background-color: #3F3}.passedeven td {background-color: #0A0}.skippedodd td {background-color: #DDD}.skippedeven td {background-color: #CCC}.failedodd td,.attn {background-color: #F33}.failedeven td,.stripe .attn {background-color: #D00}.stacktrace {white-space:pre;font-family:monospace}.totop {font-size:85%;text-align:center;border-bottom:2px solid #000}</style></head><body><table><tr><th>Test</th><th># Passed</th><th># Skipped</th><th># Failed</th><th>Time (ms)</th><th>Included Groups</th><th>Excluded Groups</th></tr><tr><th colspan="7">Suite1</th></tr><tr><td><a href="#t0">My test</a></td><td class="num">2</td><td class="num">0</td><td class="num attn">6</td><td class="num">86,504</td><td></td><td></td></tr></table><table><thead><tr><th>Class</th><th>Method</th><th>Start</th><th>Time (ms)</th></tr></thead><tbody><tr><th colspan="4">Suite1</th></tr></tbody><tbody id="t0"><tr><th colspan="4">My test &#8212; failed</th></tr><tr class="failedeven"><td rowspan="6">testcases.EnterCItyName_Testcases</td><td><a href="#m0">Login_process</a></td><td rowspan="6">1554277597973</td><td rowspan="6">12036</td></tr><tr class="failedeven"><td><a href="#m1">Login_process</a></td></tr><tr class="failedeven"><td><a href="#m2">Login_process</a></td></tr><tr class="failedeven"><td><a href="#m3">Login_process</a></td></tr><tr class="failedeven"><td><a href="#m4">Login_process</a></td></tr><tr class="failedeven"><td><a href="#m5">Login_process</a></td></tr><tr><th colspan="4">My test &#8212; passed</th></tr><tr class="passedeven"><td rowspan="2">testcases.Browser_URL_Launch</td><td><a href="#m6">Browser_Launch</a></td><td rowspan="1">1554277533458</td><td rowspan="1">8927</td></tr><tr class="passedeven"><td><a href="#m7">urllaunch</a></td><td rowspan="1">1554277542959</td><td rowspan="1">12412</td></tr></tbody></table><h2>My test</h2><h3 id="m0">testcases.EnterCItyName_Testcases#Login_process</h3><table class="result"><tr class="param"><th>Parameter #1</th></tr><tr class="param stripe"><td>perth</td></tr><tr><th>Exception</th></tr><tr><td><div class="stacktrace">java.lang.AssertionError: The following asserts failed:
	Verifying the maximum wind speed displayed in ui for the day 2 expected [4] but found [1],
	Verifying the maximum wind speed displayed in ui for the day 3 expected [5] but found [2],
	Verifying the maximum wind speed displayed in ui for the day 4 expected [8] but found [5],
	Verifying the maximum pressure for the day 4 expected [1005] but found [999],
	Verifying the maximum wind speed displayed in ui for the day 5 expected [9] but found [8]
	at Page_Objects.EnterCityName_Objects.verifyWeatherForeCastForAllDays(EnterCityName_Objects.java:183)
	at testcases.EnterCItyName_Testcases.Login_process(EnterCItyName_Testcases.java:44)
... Removed 25 stack frames</div></td></tr></table><p class="totop"><a href="#summary">back to summary</a></p><h3 id="m1">testcases.EnterCItyName_Testcases#Login_process</h3><table class="result"><tr class="param"><th>Parameter #1</th></tr><tr class="param stripe"><td>edinburgh</td></tr><tr><th>Exception</th></tr><tr><td><div class="stacktrace">java.lang.AssertionError: The following asserts failed:
	Verifying the maximum wind speed displayed in ui for the day 2 expected [5] but found [1],
	Verifying the maximum wind speed displayed in ui for the day 3 expected [8] but found [3],
	Verifying the maximum wind speed displayed in ui for the day 4 expected [9] but found [6],
	Verifying the maximum pressure for the day 4 expected [1005] but found [999],
	Verifying the maximum wind speed displayed in ui for the day 5 expected [11] but found [10]
	at Page_Objects.EnterCityName_Objects.verifyWeatherForeCastForAllDays(EnterCityName_Objects.java:183)
	at testcases.EnterCItyName_Testcases.Login_process(EnterCItyName_Testcases.java:44)
... Removed 25 stack frames</div></td></tr></table><p class="totop"><a href="#summary">back to summary</a></p><h3 id="m2">testcases.EnterCItyName_Testcases#Login_process</h3><table class="result"><tr class="param"><th>Parameter #1</th></tr><tr class="param stripe"><td>dundee</td></tr><tr><th>Exception</th></tr><tr><td><div class="stacktrace">java.lang.AssertionError: The following asserts failed:
	Verifying the maximum wind speed displayed in ui for the day 2 expected [5] but found [2],
	Verifying the maximum wind speed displayed in ui for the day 3 expected [7] but found [3],
	Verifying the maximum wind speed displayed in ui for the day 4 expected [9] but found [7],
	Verifying the maximum pressure for the day 4 expected [1019] but found [1014]
	at Page_Objects.EnterCityName_Objects.verifyWeatherForeCastForAllDays(EnterCityName_Objects.java:183)
	at testcases.EnterCItyName_Testcases.Login_process(EnterCItyName_Testcases.java:44)
... Removed 25 stack frames</div></td></tr></table><p class="totop"><a href="#summary">back to summary</a></p><h3 id="m3">testcases.EnterCItyName_Testcases#Login_process</h3><table class="result"><tr class="param"><th>Parameter #1</th></tr><tr class="param stripe"><td>aberdeen</td></tr><tr><th>Exception</th></tr><tr><td><div class="stacktrace">java.lang.AssertionError: The following asserts failed:
	Verifying the maximum wind speed displayed in ui for the day 1 expected [4] but found [3],
	Verifying the maximum wind speed displayed in ui for the day 2 expected [7] but found [2],
	Verifying the maximum wind speed displayed in ui for the day 3 expected [8] but found [5],
	Verifying the maximum wind speed displayed in ui for the day 4 expected [9] but found [6],
	Verifying the maximum pressure for the day 4 expected [1011] but found [1006]
	at Page_Objects.EnterCityName_Objects.verifyWeatherForeCastForAllDays(EnterCityName_Objects.java:183)
	at testcases.EnterCItyName_Testcases.Login_process(EnterCItyName_Testcases.java:44)
... Removed 25 stack frames</div></td></tr></table><p class="totop"><a href="#summary">back to summary</a></p><h3 id="m4">testcases.EnterCItyName_Testcases#Login_process</h3><table class="result"><tr class="param"><th>Parameter #1</th></tr><tr class="param stripe"><td>stirling</td></tr><tr><th>Exception</th></tr><tr><td><div class="stacktrace">java.lang.AssertionError: The following asserts failed:
	Verifying the maximum wind speed displayed in ui for the day 2 expected [3] but found [1],
	Verifying the maximum wind speed displayed in ui for the day 3 expected [4] but found [2],
	Verifying the maximum wind speed displayed in ui for the day 4 expected [6] but found [4],
	Verifying the maximum pressure for the day 4 expected [987] but found [982],
	Verifying the maximum wind speed displayed in ui for the day 5 expected [7] but found [6]
	at Page_Objects.EnterCityName_Objects.verifyWeatherForeCastForAllDays(EnterCityName_Objects.java:183)
	at testcases.EnterCItyName_Testcases.Login_process(EnterCItyName_Testcases.java:44)
... Removed 25 stack frames</div></td></tr></table><p class="totop"><a href="#summary">back to summary</a></p><h3 id="m5">testcases.EnterCItyName_Testcases#Login_process</h3><table class="result"><tr class="param"><th>Parameter #1</th></tr><tr class="param stripe"><td>glasgow</td></tr><tr><th>Exception</th></tr><tr><td><div class="stacktrace">java.lang.AssertionError: The following asserts failed:
	Verifying the maximum wind speed displayed in ui for the day 2 expected [5] but found [2],
	Verifying the maximum wind speed displayed in ui for the day 3 expected [6] but found [3],
	Verifying the maximum wind speed displayed in ui for the day 4 expected [10] but found [6],
	Verifying the maximum pressure for the day 4 expected [1011] but found [1006],
	Verifying the maximum wind speed displayed in ui for the day 5 expected [11] but found [10]
	at Page_Objects.EnterCityName_Objects.verifyWeatherForeCastForAllDays(EnterCityName_Objects.java:183)
	at testcases.EnterCItyName_Testcases.Login_process(EnterCItyName_Testcases.java:44)
... Removed 25 stack frames</div></td></tr></table><p class="totop"><a href="#summary">back to summary</a></p><h3 id="m6">testcases.Browser_URL_Launch#Browser_Launch</h3><table class="result"><tr class="param"><th>Parameter #1</th></tr><tr class="param stripe"><td>chrome</td></tr></table><p class="totop"><a href="#summary">back to summary</a></p><h3 id="m7">testcases.Browser_URL_Launch#urllaunch</h3><table class="result"><tr class="param"><th>Parameter #1</th></tr><tr class="param stripe"><td>http://localhost:3000/</td></tr></table><p class="totop"><a href="#summary">back to summary</a></p></body></html>